<?xml version="1.0" encoding="UTF-8"?>
<testsuite xmlns:xsi="http://www.w3.org/2001/XMLSchema-instance" xsi:noNamespaceSchemaLocation="https://maven.apache.org/surefire/maven-surefire-plugin/xsd/surefire-test-report.xsd" name="com.itbulls.learnit.AppTest" time="0.153" tests="1" errors="0" skipped="0" failures="0">
  <properties>
    <property name="java.specification.version" value="15"/>
    <property name="sun.cpu.isalist" value="amd64"/>
    <property name="sun.jnu.encoding" value="Cp1251"/>
    <property name="java.class.path" value="C:\PERSONAL\eclipse-workspaces\learnit\maven-multi\maven-multi\maven-multi.persistence\target\test-classes;C:\PERSONAL\eclipse-workspaces\learnit\maven-multi\maven-multi\maven-multi.persistence\target\classes;C:\Users\Andrey Pyatakha\.m2\repository\org\apache\commons\commons-lang3\3.12.0\commons-lang3-3.12.0.jar;C:\Users\Andrey Pyatakha\.m2\repository\junit\junit\4.12\junit-4.12.jar;C:\Users\Andrey Pyatakha\.m2\repository\org\hamcrest\hamcrest-core\1.3\hamcrest-core-1.3.jar;"/>
    <property name="java.vm.vendor" value="Oracle Corporation"/>
    <property name="sun.arch.data.model" value="64"/>
    <property name="user.variant" value=""/>
    <property name="java.vendor.url" value="https://java.oracle.com/"/>
    <property name="user.timezone" value="Europe/Kiev"/>
    <property name="os.name" value="Windows 10"/>
    <property name="java.vm.specification.version" value="15"/>
    <property name="sun.java.launcher" value="SUN_STANDARD"/>
    <property name="user.country" value="RU"/>
    <property name="sun.boot.library.path" value="C:\PERSONAL\Programs\openjdk-15.0.1_windows-x64_bin\jdk-15.0.1\bin"/>
    <property name="sun.java.command" value="C:\Users\ANDREY~1\AppData\Local\Temp\surefire14686117962769656062\surefirebooter9025531307914564526.jar C:\Users\Andrey Pyatakha\AppData\Local\Temp\surefire14686117962769656062 2022-02-04T01-11-25_408-jvmRun1 surefire12314961014376701600tmp surefire_02688315126787425326tmp"/>
    <property name="jdk.debug" value="release"/>
    <property name="surefire.test.class.path" value="C:\PERSONAL\eclipse-workspaces\learnit\maven-multi\maven-multi\maven-multi.persistence\target\test-classes;C:\PERSONAL\eclipse-workspaces\learnit\maven-multi\maven-multi\maven-multi.persistence\target\classes;C:\Users\Andrey Pyatakha\.m2\repository\org\apache\commons\commons-lang3\3.12.0\commons-lang3-3.12.0.jar;C:\Users\Andrey Pyatakha\.m2\repository\junit\junit\4.12\junit-4.12.jar;C:\Users\Andrey Pyatakha\.m2\repository\org\hamcrest\hamcrest-core\1.3\hamcrest-core-1.3.jar;"/>
    <property name="sun.cpu.endian" value="little"/>
    <property name="user.home" value="C:\Users\Andrey Pyatakha"/>
    <property name="user.language" value="ru"/>
    <property name="java.specification.vendor" value="Oracle Corporation"/>
    <property name="java.version.date" value="2020-10-20"/>
    <property name="java.home" value="C:\PERSONAL\Programs\openjdk-15.0.1_windows-x64_bin\jdk-15.0.1"/>
    <property name="file.separator" value="\"/>
    <property name="basedir" value="C:\PERSONAL\eclipse-workspaces\learnit\maven-multi\maven-multi\maven-multi.persistence"/>
    <property name="java.vm.compressedOopsMode" value="Zero based"/>
    <property name="line.separator" value="&#10;"/>
    <property name="java.vm.specification.vendor" value="Oracle Corporation"/>
    <property name="java.specification.name" value="Java Platform API Specification"/>
    <property name="surefire.real.class.path" value="C:\Users\ANDREY~1\AppData\Local\Temp\surefire14686117962769656062\surefirebooter9025531307914564526.jar"/>
    <property name="user.script" value=""/>
    <property name="sun.management.compiler" value="HotSpot 64-Bit Tiered Compilers"/>
    <property name="java.runtime.version" value="15.0.1+9-18"/>
    <property name="user.name" value="andrey.pyatakha"/>
    <property name="path.separator" value=";"/>
    <property name="os.version" value="10.0"/>
    <property name="java.runtime.name" value="OpenJDK Runtime Environment"/>
    <property name="file.encoding" value="Cp1251"/>
    <property name="java.vm.name" value="OpenJDK 64-Bit Server VM"/>
    <property name="localRepository" value="C:\Users\Andrey Pyatakha\.m2\repository"/>
    <property name="java.vendor.url.bug" value="https://bugreport.java.com/bugreport/"/>
    <property name="java.io.tmpdir" value="C:\Users\ANDREY~1\AppData\Local\Temp\"/>
    <property name="java.version" value="15.0.1"/>
    <property name="user.dir" value="C:\PERSONAL\eclipse-workspaces\learnit\maven-multi\maven-multi\maven-multi.persistence"/>
    <property name="os.arch" value="amd64"/>
    <property name="java.vm.specification.name" value="Java Virtual Machine Specification"/>
    <property name="sun.os.patch.level" value=""/>
    <property name="java.library.path" value="C:\PERSONAL\Programs\openjdk-15.0.1_windows-x64_bin\jdk-15.0.1\bin;C:\Windows\Sun\Java\bin;C:\Windows\system32;C:\Windows;C:\Users\Andrey Pyatakha\bin;C:\PERSONAL\Programs\Git\mingw64\bin;C:\PERSONAL\Programs\Git\usr\local\bin;C:\PERSONAL\Programs\Git\usr\bin;C:\PERSONAL\Programs\Git\usr\bin;C:\PERSONAL\Programs\Git\mingw64\bin;C:\PERSONAL\Programs\Git\usr\bin;C:\Users\Andrey Pyatakha\bin;C:\PERSONAL\Programs\Python\Scripts;C:\PERSONAL\Programs\Python;C:\Windows\system32;C:\Windows;C:\Windows\System32\Wbem;C:\Windows\System32\WindowsPowerShell\v1.0;C:\Windows\System32\OpenSSH;C:\PERSONAL\Programs\openjdk-15.0.1_windows-x64_bin\jdk-15.0.1\bin;C:\PERSONAL\Programs\Git\cmd;C:\PERSONAL\Clojure Learning\Udemy course;C:\PERSONAL\Programs\nodejs;C:\PERSONAL\Programs\apache-maven-3.8.4-bin\apache-maven-3.8.4\bin;C:\PERSONAL\Programs\Jenkins\home;C:\PERSONAL\Programs\Git\usr\bin;C:\Program Files (x86)\Yarn\bin;C:\Program Files\MySQL\MySQL Shell 8.0\bin;C:\Users\Andrey Pyatakha\AppData\Local\Microsoft\WindowsApps;C:\Users\Владелец\AppData\Local\GitHubDesktop\bin;C:\PERSONAL\Programs\Microsoft VS Code\bin;C:\Users\Владелец\AppData\Roaming\npm;C:\PERSONAL\Programs\Fiddler;C:\Users\Andrey Pyatakha\AppData\Local\Yarn\bin;C:\PERSONAL\Programs\Git\usr\bin\vendor_perl;C:\PERSONAL\Programs\Git\usr\bin\core_perl;."/>
    <property name="java.vm.info" value="mixed mode, sharing"/>
    <property name="java.vendor" value="Oracle Corporation"/>
    <property name="java.vm.version" value="15.0.1+9-18"/>
    <property name="sun.io.unicode.encoding" value="UnicodeLittle"/>
    <property name="java.class.version" value="59.0"/>
  </properties>
  <testcase name="shouldAnswerWithTrue" classname="com.itbulls.learnit.AppTest" time="0.004"/>
</testsuite>