<?xml version="1.0" encoding="UTF-8" ?>
<testsuite tests="1" failures="0" name="com.itbulls.learnit.AppTest" time="0.002" errors="0" skipped="0">
  <properties>
    <property name="java.runtime.name" value="OpenJDK Runtime Environment"/>
    <property name="java.vm.version" value="15.0.1+9-18"/>
    <property name="sun.boot.library.path" value="C:\PERSONAL\Programs\openjdk-15.0.1_windows-x64_bin\jdk-15.0.1\bin"/>
    <property name="maven.multiModuleProjectDirectory" value="C:/PERSONAL/eclipse-workspaces/learnit/maven-multi-module-example/maven-multi/maven-multi"/>
    <property name="java.vm.vendor" value="Oracle Corporation"/>
    <property name="java.vendor.url" value="https://java.oracle.com/"/>
    <property name="path.separator" value=";"/>
    <property name="guice.disable.misplaced.annotation.check" value="true"/>
    <property name="java.vm.name" value="OpenJDK 64-Bit Server VM"/>
    <property name="user.country" value="RU"/>
    <property name="sun.java.launcher" value="SUN_STANDARD"/>
    <property name="user.script" value=""/>
    <property name="sun.os.patch.level" value=""/>
    <property name="user.dir" value="C:\PERSONAL\eclipse-workspaces\learnit\maven-multi-module-example\maven-multi\maven-multi"/>
    <property name="java.vm.compressedOopsMode" value="Zero based"/>
    <property name="java.vm.specification.name" value="Java Virtual Machine Specification"/>
    <property name="java.runtime.version" value="15.0.1+9-18"/>
    <property name="os.arch" value="amd64"/>
    <property name="java.io.tmpdir" value="C:\Users\ANDREY~1\AppData\Local\Temp\"/>
    <property name="line.separator" value="
"/>
    <property name="java.vm.specification.vendor" value="Oracle Corporation"/>
    <property name="user.variant" value=""/>
    <property name="os.name" value="Windows 10"/>
    <property name="classworlds.conf" value="C:/PERSONAL/Programs/apache-maven-3.8.4-bin/apache-maven-3.8.4/bin/m2.conf"/>
    <property name="sun.jnu.encoding" value="Cp1251"/>
    <property name="java.library.path" value="C:\PERSONAL\Programs\openjdk-15.0.1_windows-x64_bin\jdk-15.0.1\bin;C:\Windows\Sun\Java\bin;C:\Windows\system32;C:\Windows;C:\Users\Andrey Pyatakha\bin;C:\PERSONAL\Programs\Git\mingw64\bin;C:\PERSONAL\Programs\Git\usr\local\bin;C:\PERSONAL\Programs\Git\usr\bin;C:\PERSONAL\Programs\Git\usr\bin;C:\PERSONAL\Programs\Git\mingw64\bin;C:\PERSONAL\Programs\Git\usr\bin;C:\Users\Andrey Pyatakha\bin;C:\PERSONAL\Programs\eclipse-jee-2020-12-R-win32-x86_64\eclipse\plugins\org.eclipse.justj.openjdk.hotspot.jre.full.win32.x86_64_15.0.1.v20201027-0507\jre\bin\server;C:\PERSONAL\Programs\eclipse-jee-2020-12-R-win32-x86_64\eclipse\plugins\org.eclipse.justj.openjdk.hotspot.jre.full.win32.x86_64_15.0.1.v20201027-0507\jre\bin;C:\PERSONAL\Programs\Python\Scripts;C:\PERSONAL\Programs\Python;C:\Windows\system32;C:\Windows;C:\Windows\System32\Wbem;C:\Windows\System32\WindowsPowerShell\v1.0;C:\Windows\System32\OpenSSH;C:\PERSONAL\Programs\openjdk-15.0.1_windows-x64_bin\jdk-15.0.1\bin;C:\PERSONAL\Programs\Git\cmd;C:\PERSONAL\Clojure Learning\Udemy course;C:\PERSONAL\Programs\nodejs;C:\PERSONAL\Programs\apache-maven-3.8.4-bin\apache-maven-3.8.4\bin;C:\PERSONAL\Programs\Jenkins\home;C:\PERSONAL\Programs\Git\usr\bin;C:\Program Files (x86)\Yarn\bin;C:\Program Files\MySQL\MySQL Shell 8.0\bin;C:\Users\Andrey Pyatakha\AppData\Local\Microsoft\WindowsApps;C:\Users\Владелец\AppData\Local\GitHubDesktop\bin;C:\PERSONAL\Programs\Microsoft VS Code\bin;C:\Users\Владелец\AppData\Roaming\npm;C:\PERSONAL\Programs\Fiddler;C:\Users\Andrey Pyatakha\AppData\Local\Yarn\bin;C:\PERSONAL\Programs\eclipse-jee-2020-12-R-win32-x86_64\eclipse;C:\PERSONAL\Programs\Git\usr\bin\vendor_perl;C:\PERSONAL\Programs\Git\usr\bin\core_perl;."/>
    <property name="maven.conf" value="C:/PERSONAL/Programs/apache-maven-3.8.4-bin/apache-maven-3.8.4/conf"/>
    <property name="jdk.debug" value="release"/>
    <property name="java.class.version" value="59.0"/>
    <property name="java.specification.name" value="Java Platform API Specification"/>
    <property name="sun.management.compiler" value="HotSpot 64-Bit Tiered Compilers"/>
    <property name="os.version" value="10.0"/>
    <property name="library.jansi.path" value="C:/PERSONAL/Programs/apache-maven-3.8.4-bin/apache-maven-3.8.4/lib/jansi-native"/>
    <property name="user.home" value="C:\Users\Andrey Pyatakha"/>
    <property name="user.timezone" value="Europe/Kiev"/>
    <property name="file.encoding" value="Cp1251"/>
    <property name="java.specification.version" value="15"/>
    <property name="user.name" value="andrey.pyatakha"/>
    <property name="java.class.path" value="C:/PERSONAL/Programs/apache-maven-3.8.4-bin/apache-maven-3.8.4/boot/plexus-classworlds-2.6.0.jar"/>
    <property name="java.vm.specification.version" value="15"/>
    <property name="sun.arch.data.model" value="64"/>
    <property name="sun.java.command" value="org.codehaus.plexus.classworlds.launcher.Launcher clean install"/>
    <property name="java.home" value="C:\PERSONAL\Programs\openjdk-15.0.1_windows-x64_bin\jdk-15.0.1"/>
    <property name="user.language" value="ru"/>
    <property name="java.specification.vendor" value="Oracle Corporation"/>
    <property name="java.vm.info" value="mixed mode, sharing"/>
    <property name="java.version" value="15.0.1"/>
    <property name="java.vendor" value="Oracle Corporation"/>
    <property name="sun.stderr.encoding" value="cp866"/>
    <property name="maven.home" value="C:\PERSONAL\Programs\apache-maven-3.8.4-bin\apache-maven-3.8.4"/>
    <property name="file.separator" value="\"/>
    <property name="java.version.date" value="2020-10-20"/>
    <property name="java.vendor.url.bug" value="https://bugreport.java.com/bugreport/"/>
    <property name="sun.cpu.endian" value="little"/>
    <property name="sun.io.unicode.encoding" value="UnicodeLittle"/>
    <property name="sun.stdout.encoding" value="cp866"/>
    <property name="sun.cpu.isalist" value="amd64"/>
  </properties>
  <testcase classname="com.itbulls.learnit.AppTest" name="shouldAnswerWithTrue" time="0.002"/>
</testsuite>